Release 14.7 - xst P.20131013 (nt64)
Copyright (c) 1995-2013 Xilinx, Inc.  All rights reserved.
--> Parameter TMPDIR set to xst/projnav.tmp


Total REAL time to Xst completion: 0.00 secs
Total CPU time to Xst completion: 0.08 secs
 
--> Parameter xsthdpdir set to xst


Total REAL time to Xst completion: 0.00 secs
Total CPU time to Xst completion: 0.08 secs
 
--> Reading design: ALU.prj

TABLE OF CONTENTS
  1) Synthesis Options Summary
  2) HDL Parsing
  3) HDL Elaboration
  4) HDL Synthesis
       4.1) HDL Synthesis Report
  5) Advanced HDL Synthesis
       5.1) Advanced HDL Synthesis Report
  6) Low Level Synthesis
  7) Partition Report
  8) Design Summary
       8.1) Primitive and Black Box Usage
       8.2) Device utilization summary
       8.3) Partition Resource Summary
       8.4) Timing Report
            8.4.1) Clock Information
            8.4.2) Asynchronous Control Signals Information
            8.4.3) Timing Summary
            8.4.4) Timing Details
            8.4.5) Cross Clock Domains Report


=========================================================================
*                      Synthesis Options Summary                        *
=========================================================================
---- Source Parameters
Input File Name                    : "ALU.prj"
Ignore Synthesis Constraint File   : NO

---- Target Parameters
Output File Name                   : "ALU"
Output Format                      : NGC
Target Device                      : xa7a100t-2I-csg324

---- Source Options
Top Module Name                    : ALU
Automatic FSM Extraction           : YES
FSM Encoding Algorithm             : Auto
Safe Implementation                : No
FSM Style                          : LUT
RAM Extraction                     : Yes
RAM Style                          : Auto
ROM Extraction                     : Yes
Shift Register Extraction          : YES
ROM Style                          : Auto
Resource Sharing                   : YES
Asynchronous To Synchronous        : NO
Shift Register Minimum Size        : 2
Use DSP Block                      : Auto
Automatic Register Balancing       : No

---- Target Options
LUT Combining                      : Auto
Reduce Control Sets                : Auto
Add IO Buffers                     : YES
Global Maximum Fanout              : 100000
Add Generic Clock Buffer(BUFG)     : 32
Register Duplication               : YES
Optimize Instantiated Primitives   : NO
Use Clock Enable                   : Auto
Use Synchronous Set                : Auto
Use Synchronous Reset              : Auto
Pack IO Registers into IOBs        : Auto
Equivalent register Removal        : YES

---- General Options
Optimization Goal                  : Speed
Optimization Effort                : 1
Power Reduction                    : NO
Keep Hierarchy                     : No
Netlist Hierarchy                  : As_Optimized
RTL Output                         : Yes
Global Optimization                : AllClockNets
Read Cores                         : YES
Write Timing Constraints           : NO
Cross Clock Analysis               : NO
Hierarchy Separator                : /
Bus Delimiter                      : <>
Case Specifier                     : Maintain
Slice Utilization Ratio            : 100
BRAM Utilization Ratio             : 100
DSP48 Utilization Ratio            : 100
Auto BRAM Packing                  : NO
Slice Utilization Ratio Delta      : 5

=========================================================================


=========================================================================
*                          HDL Parsing                                  *
=========================================================================
Parsing VHDL file "G:\Xilinix Projects\Project_Phase_1\ALU.vhd" into library work
Parsing entity <ALU>.
Parsing architecture <Behavioral> of entity <alu>.

=========================================================================
*                            HDL Elaboration                            *
=========================================================================

Elaborating entity <ALU> (architecture <Behavioral>) from library <work>.

=========================================================================
*                           HDL Synthesis                               *
=========================================================================

Synthesizing Unit <ALU>.
    Related source file is "G:\Xilinix Projects\Project_Phase_1\ALU.vhd".
    Found 32-bit adder for signal <n0166> created at line 30.
    Found 32-bit adder for signal <tmp_1> created at line 30.
    Found 1-bit 4-to-1 multiplexer for signal <Z_6_o_AA[31]_MUX_36_o> created at line 38.
    Found 1-bit 4-to-1 multiplexer for signal <Z_6_o_AA[31]_MUX_40_o> created at line 38.
    Found 1-bit 4-to-1 multiplexer for signal <Z_6_o_AA[31]_MUX_44_o> created at line 38.
    Found 1-bit 4-to-1 multiplexer for signal <Z_6_o_AA[31]_MUX_48_o> created at line 38.
    Found 1-bit 4-to-1 multiplexer for signal <Z_6_o_AA[31]_MUX_52_o> created at line 38.
    Found 1-bit 4-to-1 multiplexer for signal <Z_6_o_AA[31]_MUX_56_o> created at line 38.
    Found 1-bit 4-to-1 multiplexer for signal <Z_6_o_AA[31]_MUX_60_o> created at line 38.
    Found 1-bit 4-to-1 multiplexer for signal <Z_6_o_AA[31]_MUX_64_o> created at line 38.
    Found 1-bit 4-to-1 multiplexer for signal <Z_6_o_AA[31]_MUX_68_o> created at line 38.
    Found 1-bit 4-to-1 multiplexer for signal <Z_6_o_AA[31]_MUX_72_o> created at line 38.
    Found 1-bit 4-to-1 multiplexer for signal <Z_6_o_AA[31]_MUX_76_o> created at line 38.
    Found 1-bit 4-to-1 multiplexer for signal <Z_6_o_AA[31]_MUX_80_o> created at line 38.
    Found 1-bit 4-to-1 multiplexer for signal <Z_6_o_AA[31]_MUX_84_o> created at line 38.
    Found 1-bit 4-to-1 multiplexer for signal <Z_6_o_AA[31]_MUX_88_o> created at line 38.
    Found 1-bit 4-to-1 multiplexer for signal <Z_6_o_AA[31]_MUX_92_o> created at line 38.
    Found 1-bit 4-to-1 multiplexer for signal <Z_6_o_AA[31]_MUX_96_o> created at line 38.
    Found 1-bit 4-to-1 multiplexer for signal <Z_6_o_AA[31]_MUX_100_o> created at line 38.
    Found 1-bit 4-to-1 multiplexer for signal <Z_6_o_AA[31]_MUX_104_o> created at line 38.
    Found 1-bit 4-to-1 multiplexer for signal <Z_6_o_AA[31]_MUX_108_o> created at line 38.
    Found 1-bit 4-to-1 multiplexer for signal <Z_6_o_AA[31]_MUX_112_o> created at line 38.
    Found 1-bit 4-to-1 multiplexer for signal <Z_6_o_AA[31]_MUX_116_o> created at line 38.
    Found 1-bit 4-to-1 multiplexer for signal <Z_6_o_AA[31]_MUX_120_o> created at line 38.
    Found 1-bit 4-to-1 multiplexer for signal <Z_6_o_AA[31]_MUX_124_o> created at line 38.
    Found 1-bit 4-to-1 multiplexer for signal <Z_6_o_AA[31]_MUX_128_o> created at line 38.
    Found 1-bit 4-to-1 multiplexer for signal <Z_6_o_AA[31]_MUX_132_o> created at line 38.
    Found 1-bit 4-to-1 multiplexer for signal <Z_6_o_AA[31]_MUX_136_o> created at line 38.
    Found 1-bit 4-to-1 multiplexer for signal <Z_6_o_AA[31]_MUX_140_o> created at line 38.
    Found 1-bit 4-to-1 multiplexer for signal <Z_6_o_AA[31]_MUX_144_o> created at line 38.
    Found 1-bit 4-to-1 multiplexer for signal <Z_6_o_AA[31]_MUX_148_o> created at line 38.
    Found 1-bit 4-to-1 multiplexer for signal <Z_6_o_AA[31]_MUX_152_o> created at line 38.
    Found 1-bit 4-to-1 multiplexer for signal <Z_6_o_AA[31]_MUX_156_o> created at line 38.
    Found 1-bit 4-to-1 multiplexer for signal <Z_6_o_AA[31]_MUX_160_o> created at line 38.
    Found 1-bit tristate buffer for signal <result<31>> created at line 38
    Found 1-bit tristate buffer for signal <result<30>> created at line 38
    Found 1-bit tristate buffer for signal <result<29>> created at line 38
    Found 1-bit tristate buffer for signal <result<28>> created at line 38
    Found 1-bit tristate buffer for signal <result<27>> created at line 38
    Found 1-bit tristate buffer for signal <result<26>> created at line 38
    Found 1-bit tristate buffer for signal <result<25>> created at line 38
    Found 1-bit tristate buffer for signal <result<24>> created at line 38
    Found 1-bit tristate buffer for signal <result<23>> created at line 38
    Found 1-bit tristate buffer for signal <result<22>> created at line 38
    Found 1-bit tristate buffer for signal <result<21>> created at line 38
    Found 1-bit tristate buffer for signal <result<20>> created at line 38
    Found 1-bit tristate buffer for signal <result<19>> created at line 38
    Found 1-bit tristate buffer for signal <result<18>> created at line 38
    Found 1-bit tristate buffer for signal <result<17>> created at line 38
    Found 1-bit tristate buffer for signal <result<16>> created at line 38
    Found 1-bit tristate buffer for signal <result<15>> created at line 38
    Found 1-bit tristate buffer for signal <result<14>> created at line 38
    Found 1-bit tristate buffer for signal <result<13>> created at line 38
    Found 1-bit tristate buffer for signal <result<12>> created at line 38
    Found 1-bit tristate buffer for signal <result<11>> created at line 38
    Found 1-bit tristate buffer for signal <result<10>> created at line 38
    Found 1-bit tristate buffer for signal <result<9>> created at line 38
    Found 1-bit tristate buffer for signal <result<8>> created at line 38
    Found 1-bit tristate buffer for signal <result<7>> created at line 38
    Found 1-bit tristate buffer for signal <result<6>> created at line 38
    Found 1-bit tristate buffer for signal <result<5>> created at line 38
    Found 1-bit tristate buffer for signal <result<4>> created at line 38
    Found 1-bit tristate buffer for signal <result<3>> created at line 38
    Found 1-bit tristate buffer for signal <result<2>> created at line 38
    Found 1-bit tristate buffer for signal <result<1>> created at line 38
    Found 1-bit tristate buffer for signal <result<0>> created at line 38
    Summary:
	inferred   2 Adder/Subtractor(s).
	inferred  34 Multiplexer(s).
	inferred  32 Tristate(s).
Unit <ALU> synthesized.

=========================================================================
HDL Synthesis Report

Macro Statistics
# Adders/Subtractors                                   : 2
 32-bit adder                                          : 2
# Multiplexers                                         : 34
 1-bit 4-to-1 multiplexer                              : 32
 32-bit 2-to-1 multiplexer                             : 2
# Tristates                                            : 32
 1-bit tristate buffer                                 : 32

=========================================================================

=========================================================================
*                       Advanced HDL Synthesis                          *
=========================================================================

WARNING:Xst - The specified part-type was not generated at build time. XST is loading the full part-type and will therefore consume more CPU and memory.
Loading device for application Rf_Device from file '7a100t.nph' in environment C:\Xilinx\14.7\ISE_DS\ISE\.
Loading device for application Rf_Device from file '7a100t.nph' in environment C:\Xilinx\14.7\ISE_DS\ISE\.

=========================================================================
Advanced HDL Synthesis Report

Macro Statistics
# Adders/Subtractors                                   : 1
 32-bit adder carry in                                 : 1
# Multiplexers                                         : 34
 1-bit 4-to-1 multiplexer                              : 32
 32-bit 2-to-1 multiplexer                             : 2

=========================================================================

=========================================================================
*                         Low Level Synthesis                           *
=========================================================================
WARNING:Xst:2042 - Unit ALU: 32 internal tristates are replaced by logic (pull-up yes): N10, N11, N12, N13, N14, N15, N16, N17, N18, N19, N20, N21, N22, N23, N24, N25, N26, N27, N28, N29, N3, N30, N31, N32, N33, N34, N4, N5, N6, N7, N8, N9.

Optimizing unit <ALU> ...

Mapping all equations...
Building and optimizing final netlist ...
Found area constraint ratio of 100 (+ 5) on block ALU, actual ratio is 0.

Final Macro Processing ...

=========================================================================
Final Register Report

Found no macro
=========================================================================

=========================================================================
*                           Partition Report                            *
=========================================================================

Partition Implementation Status
-------------------------------

  No Partitions were found in this design.

-------------------------------

=========================================================================
*                            Design Summary                             *
=========================================================================

Top Level Output File Name         : ALU.ngc

Primitive and Black Box Usage:
------------------------------
# BELS                             : 197
#      LUT2                        : 63
#      LUT3                        : 1
#      LUT4                        : 32
#      LUT5                        : 1
#      LUT6                        : 37
#      MUXCY                       : 31
#      XORCY                       : 32
# IO Buffers                       : 101
#      IBUF                        : 68
#      OBUF                        : 33

Device utilization summary:
---------------------------

Selected Device : xa7a100tcsg324-2i 


Slice Logic Utilization: 
 Number of Slice LUTs:                  134  out of  63400     0%  
    Number used as Logic:               134  out of  63400     0%  

Slice Logic Distribution: 
 Number of LUT Flip Flop pairs used:    134
   Number with an unused Flip Flop:     134  out of    134   100%  
   Number with an unused LUT:             0  out of    134     0%  
   Number of fully used LUT-FF pairs:     0  out of    134     0%  
   Number of unique control sets:         0

IO Utilization: 
 Number of IOs:                         101
 Number of bonded IOBs:                 101  out of    210    48%  

Specific Feature Utilization:

---------------------------
Partition Resource Summary:
---------------------------

  No Partitions were found in this design.

---------------------------


=========================================================================
Timing Report

NOTE: THESE TIMING NUMBERS ARE ONLY A SYNTHESIS ESTIMATE.
      FOR ACCURATE TIMING INFORMATION PLEASE REFER TO THE TRACE REPORT
      GENERATED AFTER PLACE-and-ROUTE.

Clock Information:
------------------
No clock signals found in this design

Asynchronous Control Signals Information:
----------------------------------------
No asynchronous control signals found in this design

Timing Summary:
---------------
Speed Grade: -2

   Minimum period: No path found
   Minimum input arrival time before clock: No path found
   Maximum output required time after clock: No path found
   Maximum combinational path delay: 4.828ns

Timing Details:
---------------
All values displayed in nanoseconds (ns)

=========================================================================
Timing constraint: Default path analysis
  Total number of paths / destination ports: 7038 / 33
-------------------------------------------------------------------------
Delay:               4.828ns (Levels of Logic = 10)
  Source:            aluop<3> (PAD)
  Destination:       zflag (PAD)

  Data Path: aluop<3> to zflag
                                Gate     Net
    Cell:in->out      fanout   Delay   Delay  Logical Name (Net Name)
    ----------------------------------------  ------------
     IBUF:I->O            94   0.001   0.496  aluop_3_IBUF (aluop_3_IBUF)
     LUT2:I1->O            1   0.097   0.339  Mmux_AA11 (AA<0>)
     MUXCY:DI->O           1   0.337   0.000  Madd_tmp_1_Madd_cy<0> (Madd_tmp_1_Madd_cy<0>)
     MUXCY:CI->O           1   0.023   0.000  Madd_tmp_1_Madd_cy<1> (Madd_tmp_1_Madd_cy<1>)
     XORCY:CI->O           1   0.370   0.355  Madd_tmp_1_Madd_xor<2> (tmp_1<2>)
     LUT6:I5->O            2   0.097   0.758  Mmux_Z_6_o_AA[31]_MUX_152_o11 (dataout_2_OBUF)
     LUT6:I0->O            1   0.097   0.571  zflag<31>1 (zflag<31>)
     LUT5:I2->O            1   0.097   0.753  zflag<31>2 (zflag<31>1)
     LUT6:I0->O            1   0.097   0.339  zflag<31>7 (zflag_OBUF)
     OBUF:I->O                 0.000          zflag_OBUF (zflag)
    ----------------------------------------
    Total                      4.828ns (1.216ns logic, 3.612ns route)
                                       (25.2% logic, 74.8% route)

=========================================================================

Cross Clock Domains Report:
--------------------------

=========================================================================


Total REAL time to Xst completion: 24.00 secs
Total CPU time to Xst completion: 23.80 secs
 
--> 

Total memory usage is 4993852 kilobytes

Number of errors   :    0 (   0 filtered)
Number of warnings :    2 (   0 filtered)
Number of infos    :    0 (   0 filtered)

