Release 14.7 - xst P.20131013 (nt64)
Copyright (c) 1995-2013 Xilinx, Inc.  All rights reserved.
--> Parameter TMPDIR set to xst/projnav.tmp


Total REAL time to Xst completion: 0.00 secs
Total CPU time to Xst completion: 0.10 secs
 
--> Parameter xsthdpdir set to xst


Total REAL time to Xst completion: 0.00 secs
Total CPU time to Xst completion: 0.10 secs
 
--> Reading design: controller.prj

TABLE OF CONTENTS
  1) Synthesis Options Summary
  2) HDL Parsing
  3) HDL Elaboration
  4) HDL Synthesis
       4.1) HDL Synthesis Report
  5) Advanced HDL Synthesis
       5.1) Advanced HDL Synthesis Report
  6) Low Level Synthesis
  7) Partition Report
  8) Design Summary
       8.1) Primitive and Black Box Usage
       8.2) Device utilization summary
       8.3) Partition Resource Summary
       8.4) Timing Report
            8.4.1) Clock Information
            8.4.2) Asynchronous Control Signals Information
            8.4.3) Timing Summary
            8.4.4) Timing Details
            8.4.5) Cross Clock Domains Report


=========================================================================
*                      Synthesis Options Summary                        *
=========================================================================
---- Source Parameters
Input File Name                    : "controller.prj"
Ignore Synthesis Constraint File   : NO

---- Target Parameters
Output File Name                   : "controller"
Output Format                      : NGC
Target Device                      : xa7a100t-2I-csg324

---- Source Options
Top Module Name                    : controller
Automatic FSM Extraction           : YES
FSM Encoding Algorithm             : Auto
Safe Implementation                : No
FSM Style                          : LUT
RAM Extraction                     : Yes
RAM Style                          : Auto
ROM Extraction                     : Yes
Shift Register Extraction          : YES
ROM Style                          : Auto
Resource Sharing                   : YES
Asynchronous To Synchronous        : NO
Shift Register Minimum Size        : 2
Use DSP Block                      : Auto
Automatic Register Balancing       : No

---- Target Options
LUT Combining                      : Auto
Reduce Control Sets                : Auto
Add IO Buffers                     : YES
Global Maximum Fanout              : 100000
Add Generic Clock Buffer(BUFG)     : 32
Register Duplication               : YES
Optimize Instantiated Primitives   : NO
Use Clock Enable                   : Auto
Use Synchronous Set                : Auto
Use Synchronous Reset              : Auto
Pack IO Registers into IOBs        : Auto
Equivalent register Removal        : YES

---- General Options
Optimization Goal                  : Speed
Optimization Effort                : 1
Power Reduction                    : NO
Keep Hierarchy                     : No
Netlist Hierarchy                  : As_Optimized
RTL Output                         : Yes
Global Optimization                : AllClockNets
Read Cores                         : YES
Write Timing Constraints           : NO
Cross Clock Analysis               : NO
Hierarchy Separator                : /
Bus Delimiter                      : <>
Case Specifier                     : Maintain
Slice Utilization Ratio            : 100
BRAM Utilization Ratio             : 100
DSP48 Utilization Ratio            : 100
Auto BRAM Packing                  : NO
Slice Utilization Ratio Delta      : 5

=========================================================================


=========================================================================
*                          HDL Parsing                                  *
=========================================================================
Parsing VHDL file "G:\Xilinix Projects\Project_Phase_1\Control_Package.vhd" into library work
Parsing package <Control_Package>.
Parsing VHDL file "G:\Xilinix Projects\Project_Phase_1\control_main_decoder.vhd" into library work
Parsing entity <control_main_decoder>.
Parsing architecture <Behavioral> of entity <control_main_decoder>.
Parsing VHDL file "G:\Xilinix Projects\Project_Phase_1\alu_decoder.vhd" into library work
Parsing entity <alu_decoder>.
Parsing architecture <Behavioral> of entity <alu_decoder>.
Parsing VHDL file "G:\Xilinix Projects\Project_Phase_1\controller.vhd" into library work
Parsing entity <controller>.
Parsing architecture <Behavioral> of entity <controller>.

=========================================================================
*                            HDL Elaboration                            *
=========================================================================

Elaborating entity <controller> (architecture <Behavioral>) from library <work>.

Elaborating entity <control_main_decoder> (architecture <Behavioral>) from library <work>.

Elaborating entity <alu_decoder> (architecture <Behavioral>) from library <work>.

=========================================================================
*                           HDL Synthesis                               *
=========================================================================

Synthesizing Unit <controller>.
    Related source file is "G:\Xilinix Projects\Project_Phase_1\controller.vhd".
    Summary:
	no macro.
Unit <controller> synthesized.

Synthesizing Unit <control_main_decoder>.
    Related source file is "G:\Xilinix Projects\Project_Phase_1\control_main_decoder.vhd".
    Summary:
	no macro.
Unit <control_main_decoder> synthesized.

Synthesizing Unit <alu_decoder>.
    Related source file is "G:\Xilinix Projects\Project_Phase_1\alu_decoder.vhd".
    Summary:
	no macro.
Unit <alu_decoder> synthesized.

=========================================================================
HDL Synthesis Report

Found no macro
=========================================================================

=========================================================================
*                       Advanced HDL Synthesis                          *
=========================================================================

WARNING:Xst - The specified part-type was not generated at build time. XST is loading the full part-type and will therefore consume more CPU and memory.
Loading device for application Rf_Device from file '7a100t.nph' in environment C:\Xilinx\14.7\ISE_DS\ISE\.
Loading device for application Rf_Device from file '7a100t.nph' in environment C:\Xilinx\14.7\ISE_DS\ISE\.

=========================================================================
Advanced HDL Synthesis Report

Found no macro
=========================================================================

=========================================================================
*                         Low Level Synthesis                           *
=========================================================================

Optimizing unit <controller> ...

Mapping all equations...
Building and optimizing final netlist ...
Found area constraint ratio of 100 (+ 5) on block controller, actual ratio is 0.

Final Macro Processing ...

=========================================================================
Final Register Report

Found no macro
=========================================================================

=========================================================================
*                           Partition Report                            *
=========================================================================

Partition Implementation Status
-------------------------------

  No Partitions were found in this design.

-------------------------------

=========================================================================
*                            Design Summary                             *
=========================================================================

Top Level Output File Name         : controller.ngc

Primitive and Black Box Usage:
------------------------------
# BELS                             : 16
#      GND                         : 1
#      LUT3                        : 2
#      LUT4                        : 5
#      LUT5                        : 3
#      LUT6                        : 5
# IO Buffers                       : 24
#      IBUF                        : 13
#      OBUF                        : 11

Device utilization summary:
---------------------------

Selected Device : xa7a100tcsg324-2i 


Slice Logic Utilization: 
 Number of Slice LUTs:                   15  out of  63400     0%  
    Number used as Logic:                15  out of  63400     0%  

Slice Logic Distribution: 
 Number of LUT Flip Flop pairs used:     15
   Number with an unused Flip Flop:      15  out of     15   100%  
   Number with an unused LUT:             0  out of     15     0%  
   Number of fully used LUT-FF pairs:     0  out of     15     0%  
   Number of unique control sets:         0

IO Utilization: 
 Number of IOs:                          24
 Number of bonded IOBs:                  24  out of    210    11%  

Specific Feature Utilization:

---------------------------
Partition Resource Summary:
---------------------------

  No Partitions were found in this design.

---------------------------


=========================================================================
Timing Report

NOTE: THESE TIMING NUMBERS ARE ONLY A SYNTHESIS ESTIMATE.
      FOR ACCURATE TIMING INFORMATION PLEASE REFER TO THE TRACE REPORT
      GENERATED AFTER PLACE-and-ROUTE.

Clock Information:
------------------
No clock signals found in this design

Asynchronous Control Signals Information:
----------------------------------------
No asynchronous control signals found in this design

Timing Summary:
---------------
Speed Grade: -2

   Minimum period: No path found
   Minimum input arrival time before clock: No path found
   Maximum output required time after clock: No path found
   Maximum combinational path delay: 1.954ns

Timing Details:
---------------
All values displayed in nanoseconds (ns)

=========================================================================
Timing constraint: Default path analysis
  Total number of paths / destination ports: 88 / 10
-------------------------------------------------------------------------
Delay:               1.954ns (Levels of Logic = 4)
  Source:            op<1> (PAD)
  Destination:       alucontrol<0> (PAD)

  Data Path: op<1> to alucontrol<0>
                                Gate     Net
    Cell:in->out      fanout   Delay   Delay  Logical Name (Net Name)
    ----------------------------------------  ------------
     IBUF:I->O             9   0.001   0.798  op_1_IBUF (op_1_IBUF)
     LUT6:I0->O            2   0.097   0.621  main/GND_5_o_op[5]_equal_1_o<5>1 (aluop<1>)
     LUT4:I0->O            1   0.097   0.339  alu_dec/alucontrol<4> (alucontrol_0_OBUF)
     OBUF:I->O                 0.000          alucontrol_0_OBUF (alucontrol<0>)
    ----------------------------------------
    Total                      1.954ns (0.195ns logic, 1.759ns route)
                                       (10.0% logic, 90.0% route)

=========================================================================

Cross Clock Domains Report:
--------------------------

=========================================================================


Total REAL time to Xst completion: 24.00 secs
Total CPU time to Xst completion: 24.30 secs
 
--> 

Total memory usage is 4996540 kilobytes

Number of errors   :    0 (   0 filtered)
Number of warnings :    1 (   0 filtered)
Number of infos    :    0 (   0 filtered)

