Release 14.7 - xst P.20131013 (nt64)
Copyright (c) 1995-2013 Xilinx, Inc.  All rights reserved.
--> Parameter TMPDIR set to xst/projnav.tmp


Total REAL time to Xst completion: 0.00 secs
Total CPU time to Xst completion: 0.08 secs
 
--> Parameter xsthdpdir set to xst


Total REAL time to Xst completion: 0.00 secs
Total CPU time to Xst completion: 0.08 secs
 
--> Reading design: dmem.prj

TABLE OF CONTENTS
  1) Synthesis Options Summary
  2) HDL Parsing
  3) HDL Elaboration
  4) HDL Synthesis
       4.1) HDL Synthesis Report
  5) Advanced HDL Synthesis
       5.1) Advanced HDL Synthesis Report
  6) Low Level Synthesis
  7) Partition Report
  8) Design Summary
       8.1) Primitive and Black Box Usage
       8.2) Device utilization summary
       8.3) Partition Resource Summary
       8.4) Timing Report
            8.4.1) Clock Information
            8.4.2) Asynchronous Control Signals Information
            8.4.3) Timing Summary
            8.4.4) Timing Details
            8.4.5) Cross Clock Domains Report


=========================================================================
*                      Synthesis Options Summary                        *
=========================================================================
---- Source Parameters
Input File Name                    : "dmem.prj"
Ignore Synthesis Constraint File   : NO

---- Target Parameters
Output File Name                   : "dmem"
Output Format                      : NGC
Target Device                      : xa7a100t-2I-csg324

---- Source Options
Top Module Name                    : dmem
Automatic FSM Extraction           : YES
FSM Encoding Algorithm             : Auto
Safe Implementation                : No
FSM Style                          : LUT
RAM Extraction                     : Yes
RAM Style                          : Auto
ROM Extraction                     : Yes
Shift Register Extraction          : YES
ROM Style                          : Auto
Resource Sharing                   : YES
Asynchronous To Synchronous        : NO
Shift Register Minimum Size        : 2
Use DSP Block                      : Auto
Automatic Register Balancing       : No

---- Target Options
LUT Combining                      : Auto
Reduce Control Sets                : Auto
Add IO Buffers                     : YES
Global Maximum Fanout              : 100000
Add Generic Clock Buffer(BUFG)     : 32
Register Duplication               : YES
Optimize Instantiated Primitives   : NO
Use Clock Enable                   : Auto
Use Synchronous Set                : Auto
Use Synchronous Reset              : Auto
Pack IO Registers into IOBs        : Auto
Equivalent register Removal        : YES

---- General Options
Optimization Goal                  : Speed
Optimization Effort                : 1
Power Reduction                    : NO
Keep Hierarchy                     : No
Netlist Hierarchy                  : As_Optimized
RTL Output                         : Yes
Global Optimization                : AllClockNets
Read Cores                         : YES
Write Timing Constraints           : NO
Cross Clock Analysis               : NO
Hierarchy Separator                : /
Bus Delimiter                      : <>
Case Specifier                     : Maintain
Slice Utilization Ratio            : 100
BRAM Utilization Ratio             : 100
DSP48 Utilization Ratio            : 100
Auto BRAM Packing                  : NO
Slice Utilization Ratio Delta      : 5

=========================================================================


=========================================================================
*                          HDL Parsing                                  *
=========================================================================
Parsing VHDL file "G:\Xilinix Projects\Project_Phase_1\dmem.vhd" into library work
Parsing entity <dmem>.
Parsing architecture <behave> of entity <dmem>.

=========================================================================
*                            HDL Elaboration                            *
=========================================================================

Elaborating entity <dmem> (architecture <behave>) from library <work>.

=========================================================================
*                           HDL Synthesis                               *
=========================================================================

Synthesizing Unit <dmem>.
    Related source file is "G:\Xilinix Projects\Project_Phase_1\dmem.vhd".
WARNING:Xst:647 - Input <a<1:0>> is never used. This port will be preserved and left unconnected if it belongs to a top-level block or it belongs to a sub-block and the hierarchy of this sub-block is preserved.
WARNING:Xst:647 - Input <a<31:8>> is never used. This port will be preserved and left unconnected if it belongs to a top-level block or it belongs to a sub-block and the hierarchy of this sub-block is preserved.
    Found 64x32-bit single-port RAM <Mram_mem> for signal <mem>.
    Summary:
	inferred   1 RAM(s).
	inferred   1 Multiplexer(s).
Unit <dmem> synthesized.

=========================================================================
HDL Synthesis Report

Macro Statistics
# RAMs                                                 : 1
 64x32-bit single-port RAM                             : 1
# Multiplexers                                         : 1
 32-bit 2-to-1 multiplexer                             : 1

=========================================================================

=========================================================================
*                       Advanced HDL Synthesis                          *
=========================================================================

WARNING:Xst - The specified part-type was not generated at build time. XST is loading the full part-type and will therefore consume more CPU and memory.
Loading device for application Rf_Device from file '7a100t.nph' in environment C:\Xilinx\14.7\ISE_DS\ISE\.
Loading device for application Rf_Device from file '7a100t.nph' in environment C:\Xilinx\14.7\ISE_DS\ISE\.

Synthesizing (advanced) Unit <dmem>.
INFO:Xst:3218 - HDL ADVISOR - The RAM <Mram_mem> will be implemented on LUTs either because you have described an asynchronous read or because of currently unsupported block RAM features. If you have described an asynchronous read, making it synchronous would allow you to take advantage of available block RAM resources, for optimized device usage and improved timings. Please refer to your documentation for coding guidelines.
    -----------------------------------------------------------------------
    | ram_type           | Distributed                         |          |
    -----------------------------------------------------------------------
    | Port A                                                              |
    |     aspect ratio   | 64-word x 32-bit                    |          |
    |     clkA           | connected to signal <clk>           | rise     |
    |     weA            | connected to signal <we>            | high     |
    |     addrA          | connected to signal <a>             |          |
    |     diA            | connected to signal <wd>            |          |
    |     doA            | connected to internal node          |          |
    -----------------------------------------------------------------------
Unit <dmem> synthesized (advanced).

=========================================================================
Advanced HDL Synthesis Report

Macro Statistics
# RAMs                                                 : 1
 64x32-bit single-port distributed RAM                 : 1
# Multiplexers                                         : 1
 32-bit 2-to-1 multiplexer                             : 1

=========================================================================

=========================================================================
*                         Low Level Synthesis                           *
=========================================================================

Optimizing unit <dmem> ...

Mapping all equations...
Building and optimizing final netlist ...
Found area constraint ratio of 100 (+ 5) on block dmem, actual ratio is 0.

Final Macro Processing ...

=========================================================================
Final Register Report

Found no macro
=========================================================================

=========================================================================
*                           Partition Report                            *
=========================================================================

Partition Implementation Status
-------------------------------

  No Partitions were found in this design.

-------------------------------

=========================================================================
*                            Design Summary                             *
=========================================================================

Top Level Output File Name         : dmem.ngc

Primitive and Black Box Usage:
------------------------------
# BELS                             : 32
#      LUT3                        : 32
# RAMS                             : 32
#      RAM64X1S                    : 32
# Clock Buffers                    : 1
#      BUFGP                       : 1
# IO Buffers                       : 71
#      IBUF                        : 39
#      OBUF                        : 32

Device utilization summary:
---------------------------

Selected Device : xa7a100tcsg324-2i 


Slice Logic Utilization: 
 Number of Slice LUTs:                   64  out of  63400     0%  
    Number used as Logic:                32  out of  63400     0%  
    Number used as Memory:               32  out of  19000     0%  
       Number used as RAM:               32

Slice Logic Distribution: 
 Number of LUT Flip Flop pairs used:     64
   Number with an unused Flip Flop:      64  out of     64   100%  
   Number with an unused LUT:             0  out of     64     0%  
   Number of fully used LUT-FF pairs:     0  out of     64     0%  
   Number of unique control sets:         0

IO Utilization: 
 Number of IOs:                          98
 Number of bonded IOBs:                  72  out of    210    34%  

Specific Feature Utilization:
 Number of BUFG/BUFGCTRLs:                1  out of     32     3%  

---------------------------
Partition Resource Summary:
---------------------------

  No Partitions were found in this design.

---------------------------


=========================================================================
Timing Report

NOTE: THESE TIMING NUMBERS ARE ONLY A SYNTHESIS ESTIMATE.
      FOR ACCURATE TIMING INFORMATION PLEASE REFER TO THE TRACE REPORT
      GENERATED AFTER PLACE-and-ROUTE.

Clock Information:
------------------
-----------------------------------+------------------------+-------+
Clock Signal                       | Clock buffer(FF name)  | Load  |
-----------------------------------+------------------------+-------+
clk                                | BUFGP                  | 32    |
-----------------------------------+------------------------+-------+

Asynchronous Control Signals Information:
----------------------------------------
No asynchronous control signals found in this design

Timing Summary:
---------------
Speed Grade: -2

   Minimum period: No path found
   Minimum input arrival time before clock: 0.836ns
   Maximum output required time after clock: 1.737ns
   Maximum combinational path delay: 1.442ns

Timing Details:
---------------
All values displayed in nanoseconds (ns)

=========================================================================
Timing constraint: Default OFFSET IN BEFORE for Clock 'clk'
  Total number of paths / destination ports: 256 / 256
-------------------------------------------------------------------------
Offset:              0.836ns (Levels of Logic = 1)
  Source:            we (PAD)
  Destination:       Mram_mem2 (RAM)
  Destination Clock: clk rising

  Data Path: we to Mram_mem2
                                Gate     Net
    Cell:in->out      fanout   Delay   Delay  Logical Name (Net Name)
    ----------------------------------------  ------------
     IBUF:I->O            64   0.001   0.475  we_IBUF (we_IBUF)
     RAM64X1S:WE               0.360          Mram_mem2
    ----------------------------------------
    Total                      0.836ns (0.361ns logic, 0.475ns route)
                                       (43.2% logic, 56.8% route)

=========================================================================
Timing constraint: Default OFFSET OUT AFTER for Clock 'clk'
  Total number of paths / destination ports: 32 / 32
-------------------------------------------------------------------------
Offset:              1.737ns (Levels of Logic = 2)
  Source:            Mram_mem32 (RAM)
  Destination:       rd<31> (PAD)
  Source Clock:      clk rising

  Data Path: Mram_mem32 to rd<31>
                                Gate     Net
    Cell:in->out      fanout   Delay   Delay  Logical Name (Net Name)
    ----------------------------------------  ------------
     RAM64X1S:WCLK->O      1   0.862   0.439  Mram_mem32 (_n0007<31>)
     LUT3:I1->O            1   0.097   0.339  Mmux__n0006251 (rd_31_OBUF)
     OBUF:I->O                 0.000          rd_31_OBUF (rd<31>)
    ----------------------------------------
    Total                      1.737ns (0.959ns logic, 0.778ns route)
                                       (55.2% logic, 44.8% route)

=========================================================================
Timing constraint: Default path analysis
  Total number of paths / destination ports: 256 / 32
-------------------------------------------------------------------------
Delay:               1.442ns (Levels of Logic = 4)
  Source:            a<2> (PAD)
  Destination:       rd<31> (PAD)

  Data Path: a<2> to rd<31>
                                Gate     Net
    Cell:in->out      fanout   Delay   Delay  Logical Name (Net Name)
    ----------------------------------------  ------------
     IBUF:I->O            32   0.001   0.469  a_2_IBUF (a_2_IBUF)
     RAM64X1S:A0->O        1   0.097   0.439  Mram_mem2 (_n0007<1>)
     LUT3:I1->O            1   0.097   0.339  Mmux__n0006121 (rd_1_OBUF)
     OBUF:I->O                 0.000          rd_1_OBUF (rd<1>)
    ----------------------------------------
    Total                      1.442ns (0.195ns logic, 1.247ns route)
                                       (13.5% logic, 86.5% route)

=========================================================================

Cross Clock Domains Report:
--------------------------

=========================================================================


Total REAL time to Xst completion: 22.00 secs
Total CPU time to Xst completion: 21.78 secs
 
--> 

Total memory usage is 4993276 kilobytes

Number of errors   :    0 (   0 filtered)
Number of warnings :    3 (   0 filtered)
Number of infos    :    1 (   0 filtered)

