Release 14.7 - xst P.20131013 (nt64)
Copyright (c) 1995-2013 Xilinx, Inc.  All rights reserved.
--> Parameter TMPDIR set to xst/projnav.tmp


Total REAL time to Xst completion: 0.00 secs
Total CPU time to Xst completion: 0.08 secs
 
--> Parameter xsthdpdir set to xst


Total REAL time to Xst completion: 0.00 secs
Total CPU time to Xst completion: 0.08 secs
 
--> Reading design: signext.prj

TABLE OF CONTENTS
  1) Synthesis Options Summary
  2) HDL Parsing
  3) HDL Elaboration
  4) HDL Synthesis
       4.1) HDL Synthesis Report
  5) Advanced HDL Synthesis
       5.1) Advanced HDL Synthesis Report
  6) Low Level Synthesis
  7) Partition Report
  8) Design Summary
       8.1) Primitive and Black Box Usage
       8.2) Device utilization summary
       8.3) Partition Resource Summary
       8.4) Timing Report
            8.4.1) Clock Information
            8.4.2) Asynchronous Control Signals Information
            8.4.3) Timing Summary
            8.4.4) Timing Details
            8.4.5) Cross Clock Domains Report


=========================================================================
*                      Synthesis Options Summary                        *
=========================================================================
---- Source Parameters
Input File Name                    : "signext.prj"
Ignore Synthesis Constraint File   : NO

---- Target Parameters
Output File Name                   : "signext"
Output Format                      : NGC
Target Device                      : xa7a100t-2I-csg324

---- Source Options
Top Module Name                    : signext
Automatic FSM Extraction           : YES
FSM Encoding Algorithm             : Auto
Safe Implementation                : No
FSM Style                          : LUT
RAM Extraction                     : Yes
RAM Style                          : Auto
ROM Extraction                     : Yes
Shift Register Extraction          : YES
ROM Style                          : Auto
Resource Sharing                   : YES
Asynchronous To Synchronous        : NO
Shift Register Minimum Size        : 2
Use DSP Block                      : Auto
Automatic Register Balancing       : No

---- Target Options
LUT Combining                      : Auto
Reduce Control Sets                : Auto
Add IO Buffers                     : YES
Global Maximum Fanout              : 100000
Add Generic Clock Buffer(BUFG)     : 32
Register Duplication               : YES
Optimize Instantiated Primitives   : NO
Use Clock Enable                   : Auto
Use Synchronous Set                : Auto
Use Synchronous Reset              : Auto
Pack IO Registers into IOBs        : Auto
Equivalent register Removal        : YES

---- General Options
Optimization Goal                  : Speed
Optimization Effort                : 1
Power Reduction                    : NO
Keep Hierarchy                     : No
Netlist Hierarchy                  : As_Optimized
RTL Output                         : Yes
Global Optimization                : AllClockNets
Read Cores                         : YES
Write Timing Constraints           : NO
Cross Clock Analysis               : NO
Hierarchy Separator                : /
Bus Delimiter                      : <>
Case Specifier                     : Maintain
Slice Utilization Ratio            : 100
BRAM Utilization Ratio             : 100
DSP48 Utilization Ratio            : 100
Auto BRAM Packing                  : NO
Slice Utilization Ratio Delta      : 5

=========================================================================


=========================================================================
*                          HDL Parsing                                  *
=========================================================================
Parsing VHDL file "G:\Xilinix Projects\Project_Phase_1\signext.vhd" into library work
Parsing entity <signext>.
Parsing architecture <Behavioral> of entity <signext>.

=========================================================================
*                            HDL Elaboration                            *
=========================================================================

Elaborating entity <signext> (architecture <Behavioral>) from library <work>.

=========================================================================
*                           HDL Synthesis                               *
=========================================================================

Synthesizing Unit <signext>.
    Related source file is "G:\Xilinix Projects\Project_Phase_1\signext.vhd".
WARNING:Xst:737 - Found 1-bit latch for signal <output<31>>. Latches may be generated from incomplete case or if statements. We do not recommend the use of latches in FPGA/CPLD designs, as they may lead to timing problems.
    Summary:
	inferred   1 Latch(s).
Unit <signext> synthesized.

=========================================================================
HDL Synthesis Report

Macro Statistics
# Latches                                              : 1
 1-bit latch                                           : 1

=========================================================================

=========================================================================
*                       Advanced HDL Synthesis                          *
=========================================================================

WARNING:Xst - The specified part-type was not generated at build time. XST is loading the full part-type and will therefore consume more CPU and memory.
Loading device for application Rf_Device from file '7a100t.nph' in environment C:\Xilinx\14.7\ISE_DS\ISE\.
Loading device for application Rf_Device from file '7a100t.nph' in environment C:\Xilinx\14.7\ISE_DS\ISE\.

=========================================================================
Advanced HDL Synthesis Report

Found no macro
=========================================================================

=========================================================================
*                         Low Level Synthesis                           *
=========================================================================
WARNING:Xst:3001 - This design contains one or more registers or latches with an active
   asynchronous set and asynchronous reset. While this circuit can be built,
   it creates a sub-optimal implementation in terms of area, power and
   performance. For a more optimal implementation Xilinx highly recommends
   one of the following:

          1) Remove either the set or reset from all registers and latches if
             not needed for required functionality
          2) Modify the code in order to produce a synchronous set
             and/or reset (both is preferred)
          3) Use the -async_to_sync option to transform the asynchronous
             set/reset to synchronous operation
             (timing simulation highly recommended when using this option)

  Please refer to http://www.xilinx.com search string "Automotive Artix7 asynchronous set/reset" for more details.

  List of register instances with asynchronous set and reset:
    output_31 in unit <signext>


Optimizing unit <signext> ...

Mapping all equations...
Building and optimizing final netlist ...
Found area constraint ratio of 100 (+ 5) on block signext, actual ratio is 0.
Latch output_31 has been replicated 15 time(s) to handle iob=true attribute.

Final Macro Processing ...

=========================================================================
Final Register Report

Found no macro
=========================================================================

=========================================================================
*                           Partition Report                            *
=========================================================================

Partition Implementation Status
-------------------------------

  No Partitions were found in this design.

-------------------------------

=========================================================================
*                            Design Summary                             *
=========================================================================

Top Level Output File Name         : signext.ngc

Primitive and Black Box Usage:
------------------------------
# BELS                             : 4
#      GND                         : 1
#      INV                         : 1
#      LUT3                        : 2
# FlipFlops/Latches                : 16
#      LD                          : 16
# IO Buffers                       : 48
#      IBUF                        : 16
#      OBUF                        : 32

Device utilization summary:
---------------------------

Selected Device : xa7a100tcsg324-2i 


Slice Logic Utilization: 
 Number of Slice LUTs:                    3  out of  63400     0%  
    Number used as Logic:                 3  out of  63400     0%  

Slice Logic Distribution: 
 Number of LUT Flip Flop pairs used:      3
   Number with an unused Flip Flop:       3  out of      3   100%  
   Number with an unused LUT:             0  out of      3     0%  
   Number of fully used LUT-FF pairs:     0  out of      3     0%  
   Number of unique control sets:         1

IO Utilization: 
 Number of IOs:                          48
 Number of bonded IOBs:                  48  out of    210    22%  
    IOB Flip Flops/Latches:              16

Specific Feature Utilization:

---------------------------
Partition Resource Summary:
---------------------------

  No Partitions were found in this design.

---------------------------


=========================================================================
Timing Report

NOTE: THESE TIMING NUMBERS ARE ONLY A SYNTHESIS ESTIMATE.
      FOR ACCURATE TIMING INFORMATION PLEASE REFER TO THE TRACE REPORT
      GENERATED AFTER PLACE-and-ROUTE.

Clock Information:
------------------
-----------------------------------+------------------------+-------+
Clock Signal                       | Clock buffer(FF name)  | Load  |
-----------------------------------+------------------------+-------+
output_31_G(output_31_G:O)         | NONE(*)(output_31)     | 16    |
-----------------------------------+------------------------+-------+
(*) This 1 clock signal(s) are generated by combinatorial logic,
and XST is not able to identify which are the primary clock signals.
Please use the CLOCK_SIGNAL constraint to specify the clock signal(s) generated by combinatorial logic.
INFO:Xst:2169 - HDL ADVISOR - Some clock signals were not automatically buffered by XST with BUFG/BUFR resources. Please use the buffer_type constraint in order to insert these buffers to the clock signals to help prevent skew problems.

Asynchronous Control Signals Information:
----------------------------------------
No asynchronous control signals found in this design

Timing Summary:
---------------
Speed Grade: -2

   Minimum period: No path found
   Minimum input arrival time before clock: 1.143ns
   Maximum output required time after clock: 0.811ns
   Maximum combinational path delay: 0.357ns

Timing Details:
---------------
All values displayed in nanoseconds (ns)

=========================================================================
Timing constraint: Default OFFSET IN BEFORE for Clock 'output_31_G'
  Total number of paths / destination ports: 32 / 16
-------------------------------------------------------------------------
Offset:              1.143ns (Levels of Logic = 3)
  Source:            input<15> (PAD)
  Destination:       output_31 (LATCH)
  Destination Clock: output_31_G falling

  Data Path: input<15> to output_31
                                Gate     Net
    Cell:in->out      fanout   Delay   Delay  Logical Name (Net Name)
    ----------------------------------------  ------------
     IBUF:I->O             4   0.001   0.356  input_15_IBUF (output_15_OBUF)
     INV:I->O              2   0.113   0.576  output<15>_inv1_INV_0 (output<15>_inv)
     LUT3:I0->O           16   0.097   0.000  output_31_D (output_31_D)
     LD:D                     -0.028          output_31
    ----------------------------------------
    Total                      1.143ns (0.211ns logic, 0.932ns route)
                                       (18.5% logic, 81.5% route)

=========================================================================
Timing constraint: Default OFFSET OUT AFTER for Clock 'output_31_G'
  Total number of paths / destination ports: 16 / 16
-------------------------------------------------------------------------
Offset:              0.811ns (Levels of Logic = 1)
  Source:            output_31_1 (LATCH)
  Destination:       output<31> (PAD)
  Source Clock:      output_31_G falling

  Data Path: output_31_1 to output<31>
                                Gate     Net
    Cell:in->out      fanout   Delay   Delay  Logical Name (Net Name)
    ----------------------------------------  ------------
     LD:G->Q               1   0.472   0.339  output_31_1 (output_31_1)
     OBUF:I->O                 0.000          output_31_OBUF (output<31>)
    ----------------------------------------
    Total                      0.811ns (0.472ns logic, 0.339ns route)
                                       (58.2% logic, 41.8% route)

=========================================================================
Timing constraint: Default path analysis
  Total number of paths / destination ports: 16 / 16
-------------------------------------------------------------------------
Delay:               0.357ns (Levels of Logic = 2)
  Source:            input<15> (PAD)
  Destination:       output<15> (PAD)

  Data Path: input<15> to output<15>
                                Gate     Net
    Cell:in->out      fanout   Delay   Delay  Logical Name (Net Name)
    ----------------------------------------  ------------
     IBUF:I->O             4   0.001   0.356  input_15_IBUF (output_15_OBUF)
     OBUF:I->O                 0.000          output_15_OBUF (output<15>)
    ----------------------------------------
    Total                      0.357ns (0.001ns logic, 0.356ns route)
                                       (0.3% logic, 99.7% route)

=========================================================================

Cross Clock Domains Report:
--------------------------

=========================================================================


Total REAL time to Xst completion: 22.00 secs
Total CPU time to Xst completion: 22.14 secs
 
--> 

Total memory usage is 4990544 kilobytes

Number of errors   :    0 (   0 filtered)
Number of warnings :    3 (   0 filtered)
Number of infos    :    1 (   0 filtered)

